AT#RSCRIPT="input.log"

<<<155603.000,1546.3768S,04753.9759W,3,136.76,0.07
155613.000,1546.3755S,04753.9760W,3,183.66,0.03
155623.000,1546.3754S,04753.9760W,3,182.17,0.07
155633.000,1546.3754S,04753.9759W,3,116.76,0.18
155643.000,1546.3751S,04753.9760W,3,109.25,0.18
155654.000,1546.3749S,04753.9766W,3,80.57,0.32
155704.000,1546.3724S,04753.9790W,3,278.65,2.59
155714.000,1546.3725S,04753.9809W,3,138.62,0.10
155724.000,1546.3700S,04753.9732W,3,69.76,22.17
155735.000,1546.3576S,04753.9388W,3,71.78,18.18
155745.000,1546.3508S,04753.9198W,3,68.33,1.58
155755.000,1546.3246S,04753.8531W,3,73.55,66.02
155805.000,1546.3915S,04753.7819W,3,168.52,106.63
155815.000,1546.5950S,04753.7513W,3,173.22,150.51
155825.000,1546.7652S,04753.7414W,3,196.79,79.74
155836.000,1546.7416S,04753.8857W,3,297.68,126.82
155846.000,1546.7380S,04754.0786W,3,258.70,96.40
155856.000,1546.6787S,04754.1540W,3,24.62,81.39
155906.000,1546.6601S,04754.0092W,3,89.43,116.42
155917.000,1546.5648S,04753.8274W,3,31.57,107.96
155927.000,1546.4234S,04753.8199W,3,320.95,68.00
155937.000,1546.4191S,04754.0173W,3,265.66,167.47
155947.000,1546.4764S,04754.1120W,3,148.08,89.20
155957.000,1546.5095S,04753.9661W,3,52.98,113.58
160008.000,1546.4857S,04753.8484W,3,180.73,82.04
160018.000,1546.6086S,04753.9901W,3,252.85,124.63
160028.000,1546.5124S,04754.1526W,3,320.99,110.37
160038.000,1546.3912S,04754.0926W,3,70.00,157.82
160048.000,1546.3058S,04753.8470W,3,77.48,105.37
160059.000,1546.4735S,04753.7590W,3,175.71,200.08
160109.000,1546.7534S,04753.7382W,3,185.66,92.23
160119.000,1546.7440S,04753.8828W,3,298.03,143.64
160129.000,1546.7413S,04754.0973W,3,264.76,99.50
160139.000,1546.6554S,04754.1212W,3,74.92,109.90
160150.000,1546.6139S,04753.8795W,3,52.97,142.09
160200.000,1546.4417S,04753.8121W,3,349.81,84.67
160210.000,1546.4176S,04753.9873W,3,266.12,185.47
160220.000,1546.4699S,04754.1157W,3,156.48,94.46
160230.000,1546.5014S,04753.9544W,3,51.43,137.23
160241.000,1546.5068S,04753.8544W,3,210.00,106.41
160251.000,1546.6116S,04754.0370W,3,280.83,129.45
160301.000,1546.4678S,04754.1740W,3,354.53,98.92
160311.000,1546.3540S,04753.9864W,3,69.44,214.02
160321.000,1546.3233S,04753.7832W,3,140.86,110.59
160332.000,1546.6278S,04753.7458W,3,175.59,230.22
160342.000,1546.7931S,04753.7839W,3,274.36,104.94
160352.000,1546.7228S,04753.9964W,3,261.20,160.38
160402.000,1546.7027S,04754.1577W,3,352.92,94.93
160412.000,1546.6578S,04753.9904W,3,84.31,155.48
160423.000,1546.5052S,04753.8087W,3,5.72,150.76
160433.000,1546.4112S,04753.9015W,3,264.12,144.10
160443.000,1546.4333S,04754.1100W,3,227.53,73.18
160453.000,1546.5258S,04754.0101W,3,87.74,122.00
160504.000,1546.4680S,04753.8546W,3,136.41,77.65
160514.000,1546.6009S,04753.9697W,3,242.92,131.43
160524.000,1546.5161S,04754.1504W,3,321.87,129.52
160534.000,1546.3892S,04754.0856W,3,69.70,174.27
160544.000,1546.3041S,04753.8345W,3,84.58,104.00
160555.000,1546.5052S,04753.7551W,3,175.41,213.69
160605.000,1546.7632S,04753.7400W,3,194.60,85.53
160615.000,1546.7384S,04753.8919W,3,294.63,139.78
160625.000,1546.7424S,04754.1044W,3,268.43,87.98
160635.000,1546.6553S,04754.1163W,3,80.63,103.50
160645.000,1546.6212S,04753.8900W,3,55.22,147.88
160656.000,1546.4374S,04753.8128W,3,346.33,79.05
160706.000,1546.4185S,04754.0039W,3,265.89,190.87
160716.000,1546.4823S,04754.1079W,3,139.80,105.40
160726.000,1546.4902S,04753.9403W,3,48.05,115.38
160737.000,1546.5186S,04753.8605W,3,218.04,116.38
160747.000,1546.6100S,04754.0412W,3,285.11,127.11
160757.000,1546.4658S,04754.1738W,3,357.24,102.27
160807.000,1546.3503S,04753.9757W,3,69.81,219.16
160817.000,1546.3318S,04753.7774W,3,152.15,116.67
160828.000,1546.6470S,04753.7435W,3,175.57,211.64
160838.000,1546.7916S,04753.7885W,3,281.95,106.27
160848.000,1546.7246S,04754.0066W,3,259.94,167.32
160858.000,1546.7007S,04754.1582W,3,357.51,92.98
160908.000,1546.6570S,04753.9822W,3,83.61,157.50
160919.000,1546.5137S,04753.8090W,3,6.44,129.38
160929.000,1546.4096S,04753.8850W,3,265.31,136.18
160939.000,1546.4295S,04754.1035W,3,242.75,68.97
160949.000,1546.5249S,04754.0234W,3,97.79,117.54
161000.000,1546.4600S,04753.8681W,3,107.80,75.42
161010.000,1546.5835S,04753.9401W,3,233.82,140.72
161020.000,1546.5463S,04754.1249W,3,320.07,160.59
161030.000,1546.4023S,04754.1215W,3,66.09,148.46
161040.000,1546.3081S,04753.8541W,3,73.37,112.82
161051.000,1546.4651S,04753.7599W,3,176.51,200.01
161101.000,1546.7519S,04753.7380W,3,184.77,99.79
161111.000,1546.7417S,04753.8858W,3,296.72,148.57
161121.000,1546.7427S,04754.1089W,3,270.48,98.74
161131.000,1546.6524S,04754.1027W,3,87.68,124.59
161141.000,1546.6097S,04753.8740W,3,52.93,152.35
161152.000,1546.4211S,04753.8222W,3,315.24,84.96
161202.000,1546.4222S,04754.0437W,3,265.84,130.86
161212.000,1546.4954S,04754.0957W,3,125.55,108.43
161222.000,1546.4833S,04753.9307W,3,49.90,114.80
161232.000,1546.5112S,04753.8562W,3,212.87,102.42
161243.000,1546.6126S,04754.0329W,3,278.98,122.54
161253.000,1546.4847S,04754.1706W,3,339.57,96.80
161303.000,1546.3680S,04754.0222W,3,70.17,208.00
161313.000,1546.3071S,04753.8061W,3,109.89,99.79
161323.000,1546.5334S,04753.7544W,3,175.78,223.20
161334.000,1546.7890S,04753.7619W,3,243.32,94.28
161344.000,1546.7204S,04753.9647W,3,271.64,153.79
161354.000,1546.7201S,04754.1513W,3,328.49,90.97
161404.000,1546.6583S,04754.0165W,3,93.54,159.33
161415.000,1546.5268S,04753.8118W,3,14.07,144.00
161425.000,1546.4088S,04753.8838W,3,264.98,140.25
161435.000,1546.4310S,04754.1071W,3,236.44,69.51
161445.000,1546.5262S,04754.0117W,3,89.31,113.79
161455.000,1546.4582S,04753.8682W,3,108.63,74.52
161506.000,1546.5806S,04753.9359W,3,232.28,125.35
161516.000,1546.5714S,04754.1037W,3,318.62,134.10
161526.000,1546.4292S,04754.1617W,3,39.45,105.91
161536.000,1546.3262S,04753.9098W,3,69.57,183.81
161546.000,1546.3731S,04753.7653W,3,172.72,151.41
161557.000,1546.7010S,04753.7400W,3,175.65,141.66
161607.000,1546.7748S,04753.8291W,3,301.16,144.14
161617.000,1546.7361S,04754.0660W,3,258.05,132.73
161627.000,1546.6673S,04754.1439W,3,45.80,104.90
161637.000,1546.6392S,04753.9230W,3,64.46,169.63
161648.000,1546.4455S,04753.8109W,3,351.34,97.88
161658.000,1546.4181S,04753.9963W,3,266.19,190.58
161708.000,1546.4839S,04754.1088W,3,140.95,109.62
161718.000,1546.4892S,04753.9382W,3,49.51,127.18
161728.000,1546.5105S,04753.8538W,3,209.12,113.43
161739.000,1546.6081S,04754.0493W,3,288.37,136.51
161749.000,1546.4557S,04754.1741W,3,7.36,107.71
161759.000,1546.3418S,04753.9533W,3,69.75,222.73
161809.000,1546.3488S,04753.7704W,3,164.67,132.94
161819.000,1546.6482S,04753.7444W,3,174.89,216.68
161830.000,1546.7816S,04753.8178W,3,299.27,134.38
161840.000,1546.7339S,04754.0542W,3,257.40,154.04
161850.000,1546.6699S,04754.1467W,3,41.50,106.27
161900.000,1546.6392S,04753.9214W,3,63.22,166.89
161910.000,1546.4615S,04753.8091W,3,355.66,118.58
161921.000,1546.4176S,04753.9951W,3,265.87,196.34
161931.000,1546.4369S,04754.1195W,3,195.18,40.82
161941.000,1546.5222S,04754.0380W,3,107.80,90.36
161951.000,1546.4620S,04753.8988W,3,67.04,80.74
162002.000,1546.5457S,04753.8951W,3,229.47,117.82
162012.000,1546.6086S,04754.0480W,3,288.65,107.10
162022.000,1546.4922S,04754.1625W,3,325.52,78.62
162032.000,1546.4019S,04754.1060W,3,71.16,98.42
162042.000,1546.3743S,04753.9887W,3,74.03,29.52
162053.000,1546.3752S,04753.9779W,3,331.18,0.03
162103.000,1546.3757S,04753.9775W,3,154.87,0.10
162113.000,1546.3764S,04753.9769W,3,126.97,0.25
162123.000,1546.3765S,04753.9771W,3,337.47,0.10
162133.000,1546.3767S,04753.9773W,3,314.08,0.07
162144.000,1546.3774S,04753.9778W,3,32.20,0.03
162154.000,1546.3773S,04753.9779W,3,348.81,0.21
162204.000,1546.3769S,04753.9788W,3,358.96,0.46

OK
